
ROOT 5.34 from afs: 

RD51 Environment settings:
RD51MainDirectory=/afs/cern.ch/user/r/rasharma/work/TurboSoftware/EventBuilder
PATH=/cvmfs/cms.cern.ch/crab/CRAB_2_11_1/python:/cvmfs/cms.cern.ch/crab/CRAB_2_11_1/external/DLSAPI/bin:/afs/cern.ch/cms/caf/scripts:/afs/cern.ch/cms/common:/afs/cern.ch/cms/bin:/afs/cern.ch/group/zh/bin:/afs/cern.ch/user/r/rasharma/scripts:/afs/cern.ch/cms/caf/scripts:/cvmfs/cms.cern.ch/common:/cvmfs/cms.cern.ch/bin:/usr/sue/bin:/usr/lib64/qt-3.3/bin:/usr/kerberos/sbin:/usr/kerberos/bin:/usr/local/bin:/bin:/usr/bin:/usr/local/sbin:/usr/sbin:/sbin:/afs/cern.ch/user/r/rasharma/bin:/afs/cern.ch/user/r/rasharma/work/TurboSoftware/EventBuilder:/afs/cern.ch/user/r/rasharma/work/TurboSoftware/EventBuilder/Mapping:/afs/cern.ch/user/r/rasharma/work/TurboSoftware/EventBuilder/Clustering:/afs/cern.ch/user/r/rasharma/work/TurboSoftware/EventBuilder/Loaders:/afs/cern.ch/user/r/rasharma/work/TurboSoftware/EventBuilder/Utilities
LD_LIBRARY_PATH=:/afs/cern.ch/user/r/rasharma/work/TurboSoftware/EventBuilder:/afs/cern.ch/user/r/rasharma/work/TurboSoftware/EventBuilder/Mapping:/afs/cern.ch/user/r/rasharma/work/TurboSoftware/EventBuilder/Clustering:/afs/cern.ch/user/r/rasharma/work/TurboSoftware/EventBuilder/Loaders:/afs/cern.ch/user/r/rasharma/work/TurboSoftware/EventBuilder/Utilities
removed `rd51_EventBuilder_Class.C'
removed `rd51_EventBuilder_Class.h'
InputFile: /afs/cern.ch/user/r/rasharma/work/TurboSoftware/EventBuilder/OutPutData/Run0034_Muon_50k_HVScan_691pt9uA_691pt9uA_603pt6uA_T10_T10_T10_Lat22/CRC-Run0034_Muon_50k_HVScan_691pt9uA_691pt9uA_603pt6uA_T10_T10_T10_Lat22-141008_033805-0.root  OutputFile: /afs/cern.ch/user/r/rasharma/work/TurboSoftware/EventBuilder/OutPutData/Run0034_Muon_50k_HVScan_691pt9uA_691pt9uA_603pt6uA_T10_T10_T10_Lat22/RECO-CRC-Run0034_Muon_50k_HVScan_691pt9uA_691pt9uA_603pt6uA_T10_T10_T10_Lat22-141008_033805-0.root

 Beginning new ROOT session
 CMSSW environment has not been setup --  FWLite libraries will not be loaded


Processing rd51_TrackFinder_Launcher.cpp("/afs/cern.ch/user/r/rasharma/work/TurboSoftware/EventBuilder/OutPutData/Run0034_Muon_50k_HVScan_691pt9uA_691pt9uA_603pt6uA_T10_T10_T10_Lat22/CRC-Run0034_Muon_50k_HVScan_691pt9uA_691pt9uA_603pt6uA_T10_T10_T10_Lat22-141008_033805-0.root","/afs/cern.ch/user/r/rasharma/work/TurboSoftware/EventBuilder/OutPutData/Run0034_Muon_50k_HVScan_691pt9uA_691pt9uA_603pt6uA_T10_T10_T10_Lat22/RECO-CRC-Run0034_Muon_50k_HVScan_691pt9uA_691pt9uA_603pt6uA_T10_T10_T10_Lat22-141008_033805-0.root")...
TrackFinder Output File: /afs/cern.ch/user/r/rasharma/work/TurboSoftware/EventBuilder/OutPutData/Run0034_Muon_50k_HVScan_691pt9uA_691pt9uA_603pt6uA_T10_T10_T10_Lat22/RECO-CRC-Run0034_Muon_50k_HVScan_691pt9uA_691pt9uA_603pt6uA_T10_T10_T10_Lat22-141008_033805-0.root
[0;32m
Opening the Setting File: Setting_TrackFinder.conf[0m[0;32m
Opening the Setting File: [0mSetting_TrackFinder.conf
[0;32m
Opening the Detector Offset File: [0mConfigFiles/OffsetTracker_Oct2014_H2.conf

X Offset Loaded Before Tracking
g1xcl: 0
g2xcl: 0
g3xcl: 0


Y Offset Loaded Before Tracking
g1ycl: 0
g2ycl: 0
g3ycl: 0


Z Offset Loaded Before Tracking
g1zcl: 0
g2zcl: 280
g3zcl: 730

Entries: 30011 TracksX: 11129 TracksX[%]: 0.370831	TracksY: 11861 TracksY[%]: 0.395222
[0;33m
Trees written on file and file closed.To access it:

[0m[0;33m1. From ROOT with a builded root file open (rd51tbgeo TTree active):
[0mrd51tbgeo->AddFriend("trackertree","/afs/cern.ch/user/r/rasharma/work/TurboSoftware/EventBuilder/OutPutData/Run0034_Muon_50k_HVScan_691pt9uA_691pt9uA_603pt6uA_T10_T10_T10_Lat22/RECO-CRC-Run0034_Muon_50k_HVScan_691pt9uA_691pt9uA_603pt6uA_T10_T10_T10_Lat22-141008_033805-0.root");
[0;33m2. From Shell:
[0mroot -l /afs/cern.ch/user/r/rasharma/work/TurboSoftware/EventBuilder/OutPutData/Run0034_Muon_50k_HVScan_691pt9uA_691pt9uA_603pt6uA_T10_T10_T10_Lat22/RECO-CRC-Run0034_Muon_50k_HVScan_691pt9uA_691pt9uA_603pt6uA_T10_T10_T10_Lat22-141008_033805-0.root



