
ROOT 5.34 from afs: 

RD51 Environment settings:
RD51MainDirectory=/afs/cern.ch/user/r/rasharma/work/TurboSoftware/EventBuilder
PATH=/cvmfs/cms.cern.ch/crab/CRAB_2_11_1/python:/cvmfs/cms.cern.ch/crab/CRAB_2_11_1/external/DLSAPI/bin:/afs/cern.ch/cms/caf/scripts:/afs/cern.ch/cms/common:/afs/cern.ch/cms/bin:/afs/cern.ch/group/zh/bin:/afs/cern.ch/user/r/rasharma/scripts:/afs/cern.ch/cms/caf/scripts:/cvmfs/cms.cern.ch/common:/cvmfs/cms.cern.ch/bin:/usr/sue/bin:/usr/lib64/qt-3.3/bin:/usr/kerberos/sbin:/usr/kerberos/bin:/usr/local/bin:/bin:/usr/bin:/usr/local/sbin:/usr/sbin:/sbin:/afs/cern.ch/user/r/rasharma/bin:/afs/cern.ch/user/r/rasharma/work/TurboSoftware/EventBuilder:/afs/cern.ch/user/r/rasharma/work/TurboSoftware/EventBuilder/Mapping:/afs/cern.ch/user/r/rasharma/work/TurboSoftware/EventBuilder/Clustering:/afs/cern.ch/user/r/rasharma/work/TurboSoftware/EventBuilder/Loaders:/afs/cern.ch/user/r/rasharma/work/TurboSoftware/EventBuilder/Utilities
LD_LIBRARY_PATH=:/afs/cern.ch/user/r/rasharma/work/TurboSoftware/EventBuilder:/afs/cern.ch/user/r/rasharma/work/TurboSoftware/EventBuilder/Mapping:/afs/cern.ch/user/r/rasharma/work/TurboSoftware/EventBuilder/Clustering:/afs/cern.ch/user/r/rasharma/work/TurboSoftware/EventBuilder/Loaders:/afs/cern.ch/user/r/rasharma/work/TurboSoftware/EventBuilder/Utilities


/afs/cern.ch/user/r/rasharma/work/TurboSoftware/EventBuilder/OutPutData/Run0036_Muon_50k_HVScan_691pt9uA_691pt9uA_603pt6uA_T10_T10_T10_Lat24/CRC-Run0036_Muon_50k_HVScan_691pt9uA_691pt9uA_603pt6uA_T10_T10_T10_Lat24-141008_042431-0.root





--------------------------------------------------------------------------------------------------------

Event Builder File: CRC-Run0036_Muon_50k_HVScan_691pt9uA_691pt9uA_603pt6uA_T10_T10_T10_Lat24-141008_042431-0.root
Track Finder File: RECO-CRC-Run0036_Muon_50k_HVScan_691pt9uA_691pt9uA_603pt6uA_T10_T10_T10_Lat24-141008_042431-0.root
ANALYSIS File: AN-CRC-Run0036_Muon_50k_HVScan_691pt9uA_691pt9uA_603pt6uA_T10_T10_T10_Lat24-141008_042431-0.root

--------------------------------------------------------------------------------------------------------


Updating the Reco and Tracker Classes...

ROOT 5.34 from afs: 

RD51 Environment settings:
RD51MainDirectory=/afs/cern.ch/user/r/rasharma/work/TurboSoftware/EventBuilder
PATH=/cvmfs/cms.cern.ch/crab/CRAB_2_11_1/python:/cvmfs/cms.cern.ch/crab/CRAB_2_11_1/external/DLSAPI/bin:/afs/cern.ch/cms/caf/scripts:/afs/cern.ch/cms/common:/afs/cern.ch/cms/bin:/afs/cern.ch/group/zh/bin:/afs/cern.ch/user/r/rasharma/scripts:/afs/cern.ch/cms/caf/scripts:/cvmfs/cms.cern.ch/common:/cvmfs/cms.cern.ch/bin:/usr/sue/bin:/usr/lib64/qt-3.3/bin:/usr/kerberos/sbin:/usr/kerberos/bin:/usr/local/bin:/bin:/usr/bin:/usr/local/sbin:/usr/sbin:/sbin:/afs/cern.ch/user/r/rasharma/bin:/afs/cern.ch/user/r/rasharma/work/TurboSoftware/EventBuilder:/afs/cern.ch/user/r/rasharma/work/TurboSoftware/EventBuilder/Mapping:/afs/cern.ch/user/r/rasharma/work/TurboSoftware/EventBuilder/Clustering:/afs/cern.ch/user/r/rasharma/work/TurboSoftware/EventBuilder/Loaders:/afs/cern.ch/user/r/rasharma/work/TurboSoftware/EventBuilder/Utilities:/afs/cern.ch/user/r/rasharma/work/TurboSoftware/EventBuilder:/afs/cern.ch/user/r/rasharma/work/TurboSoftware/EventBuilder/Mapping:/afs/cern.ch/user/r/rasharma/work/TurboSoftware/EventBuilder/Clustering:/afs/cern.ch/user/r/rasharma/work/TurboSoftware/EventBuilder/Loaders:/afs/cern.ch/user/r/rasharma/work/TurboSoftware/EventBuilder/Utilities
LD_LIBRARY_PATH=:/afs/cern.ch/user/r/rasharma/work/TurboSoftware/EventBuilder:/afs/cern.ch/user/r/rasharma/work/TurboSoftware/EventBuilder/Mapping:/afs/cern.ch/user/r/rasharma/work/TurboSoftware/EventBuilder/Clustering:/afs/cern.ch/user/r/rasharma/work/TurboSoftware/EventBuilder/Loaders:/afs/cern.ch/user/r/rasharma/work/TurboSoftware/EventBuilder/Utilities:/afs/cern.ch/user/r/rasharma/work/TurboSoftware/EventBuilder:/afs/cern.ch/user/r/rasharma/work/TurboSoftware/EventBuilder/Mapping:/afs/cern.ch/user/r/rasharma/work/TurboSoftware/EventBuilder/Clustering:/afs/cern.ch/user/r/rasharma/work/TurboSoftware/EventBuilder/Loaders:/afs/cern.ch/user/r/rasharma/work/TurboSoftware/EventBuilder/Utilities
removed `Class_Reco.C'
removed `Class_Reco_C.d'
removed `Class_Reco_C.so'
removed `Class_Reco.h'
removed `Class_Tracker.C'
removed `Class_Tracker_C.d'
removed `Class_Tracker_C.so'
removed `Class_Tracker.h'

 Beginning new ROOT session
 CMSSW environment has not been setup --  FWLite libraries will not be loaded


Processing ClassMaker_RecoTracker.cpp("/afs/cern.ch/user/r/rasharma/work/TurboSoftware/EventBuilder/OutPutData/Run0036_Muon_50k_HVScan_691pt9uA_691pt9uA_603pt6uA_T10_T10_T10_Lat24/CRC-Run0036_Muon_50k_HVScan_691pt9uA_691pt9uA_603pt6uA_T10_T10_T10_Lat24-141008_042431-0.root","/afs/cern.ch/user/r/rasharma/work/TurboSoftware/EventBuilder/OutPutData/Run0036_Muon_50k_HVScan_691pt9uA_691pt9uA_603pt6uA_T10_T10_T10_Lat24/RECO-CRC-Run0036_Muon_50k_HVScan_691pt9uA_691pt9uA_603pt6uA_T10_T10_T10_Lat24-141008_042431-0.root")...




 Beginning new ROOT session
 CMSSW environment has not been setup --  FWLite libraries will not be loaded


Processing rd51_Analyzer_Launcher.cpp("/afs/cern.ch/user/r/rasharma/work/TurboSoftware/EventBuilder/OutPutData/Run0036_Muon_50k_HVScan_691pt9uA_691pt9uA_603pt6uA_T10_T10_T10_Lat24/CRC-Run0036_Muon_50k_HVScan_691pt9uA_691pt9uA_603pt6uA_T10_T10_T10_Lat24-141008_042431-0.root","/afs/cern.ch/user/r/rasharma/work/TurboSoftware/EventBuilder/OutPutData/Run0036_Muon_50k_HVScan_691pt9uA_691pt9uA_603pt6uA_T10_T10_T10_Lat24/RECO-CRC-Run0036_Muon_50k_HVScan_691pt9uA_691pt9uA_603pt6uA_T10_T10_T10_Lat24-141008_042431-0.root","/afs/cern.ch/user/r/rasharma/work/TurboSoftware/EventBuilder/OutPutData/Run0036_Muon_50k_HVScan_691pt9uA_691pt9uA_603pt6uA_T10_T10_T10_Lat24/AN-CRC-Run0036_Muon_50k_HVScan_691pt9uA_691pt9uA_603pt6uA_T10_T10_T10_Lat24-141008_042431-0.root")...
[0;32m
Opening the Setting File: [0mSetting_Analyzer.conf
[0;32mOpening the Analyzer Offset and Covrage Configuration File: [0mConfigFiles/OffsetAndCoverage_Analyzer_Oct2014_H2.conf
Loading: Id, xOFF, yOff, zOff, xTrkOffyTrkOff, xMinxMax, yMin, yMax, rMinrMax, phiMin, phiMax, effRad, DetectorName
ID: 0	0	0	1400	-15	0	40	70	20	60	0	0	0	0	100	sCMSNS2LC1
ID: 1	0	0	1580	-15	0	40	70	20	60	0	0	0	0	100	sCMSNS2LC2
ID: 2	0	0	1780	-15	0	40	70	20	60	0	0	0	0	100	sCMSNS2LC3
Loading the trees....
